<?xml version="1.0" encoding="UTF-8"?>
<!-- Generated by org.testng.reporters.JUnitXMLReporter -->
<testsuite hostname="ATMECSINLT-085" ignored="3" name="Test Search Item and validate" tests="2" failures="1" timestamp="22 Oct 2019 10:54:13 GMT" time="21.864" errors="0">
  <testcase name="@AfterMethod tearDown" time="0.0" classname="com.atmecs.csslocators.extentreport.Extent">
    <failure type="java.lang.NullPointerException">
      <![CDATA[java.lang.NullPointerException
at com.atmecs.csslocators.extentreport.Extent.getScreenshot(Extent.java:47)
at com.atmecs.csslocators.extentreport.Extent.tearDown(Extent.java:65)
at java.util.concurrent.FutureTask.run(Unknown Source)
at java.util.concurrent.ThreadPoolExecutor.runWorker(Unknown Source)
at java.util.concurrent.ThreadPoolExecutor$Worker.run(Unknown Source)
at java.lang.Thread.run(Unknown Source)
... Removed 19 stack frames]]>
    </failure>
  </testcase> <!-- @AfterMethod tearDown -->
  <testcase name="verifyKonaKart" time="10.394" classname="com.atmecs.csslocators.testscripts.TestVerifyKonakart"/>
  <testcase name="verifyRedbus" time="0.004" classname="com.atmecs.csslocators.testscripts.TestVerifyRedbus">
    <failure type="java.lang.NullPointerException">
      <![CDATA[java.lang.NullPointerException
at com.atmecs.csslocators.testscripts.TestVerifyRedbus.verifyRedbus(TestVerifyRedbus.java:25)
at java.util.concurrent.FutureTask.run(Unknown Source)
at java.util.concurrent.ThreadPoolExecutor.runWorker(Unknown Source)
at java.util.concurrent.ThreadPoolExecutor$Worker.run(Unknown Source)
at java.lang.Thread.run(Unknown Source)
... Removed 16 stack frames]]>
    </failure>
  </testcase> <!-- verifyRedbus -->
  <testcase name="@AfterSuite endReport" time="0.0" classname="com.atmecs.csslocators.extentreport.Extent">
    <ignored/>
  </testcase> <!-- @AfterSuite endReport -->
  <testcase name="@BeforeSuite startReport" time="0.0" classname="com.atmecs.csslocators.extentreport.Extent">
    <ignored/>
  </testcase> <!-- @BeforeSuite startReport -->
  <testcase name="@BeforeTest baseSetup" time="0.0" classname="com.atmecs.csslocators.testbase.TestBase">
    <ignored/>
  </testcase> <!-- @BeforeTest baseSetup -->
</testsuite> <!-- Test Search Item and validate -->
